0 info it worked if it ends with ok
1 verbose cli [ 'C:\\Program Files\\nodejs\\node.exe',
1 verbose cli   'C:\\Program Files\\nodejs\\node_modules\\npm\\bin\\npm-cli.js',
1 verbose cli   'publish' ]
2 info using npm@3.10.10
3 info using node@v6.11.5
4 verbose publish [ '.' ]
5 silly cache add args [ '.', null ]
6 verbose cache add spec .
7 silly cache add parsed spec Result {
7 silly cache add   raw: '.',
7 silly cache add   scope: null,
7 silly cache add   escapedName: null,
7 silly cache add   name: null,
7 silly cache add   rawSpec: '.',
7 silly cache add   spec: 'C:\\dev\\github\\do-ws-js',
7 silly cache add   type: 'directory' }
8 verbose addLocalDirectory C:\Users\ALAINFLORENTChabrier\AppData\Roaming\npm-cache\do-ws-js\0.1.0\package.tgz not in flight; packing
9 verbose correctMkdir C:\Users\ALAINFLORENTChabrier\AppData\Roaming\npm-cache correctMkdir not in flight; initializing
10 info lifecycle do-ws-js@0.1.0~prepublish: do-ws-js@0.1.0
11 silly lifecycle do-ws-js@0.1.0~prepublish: no script for prepublish, continuing
12 verbose tar pack [ 'C:\\Users\\ALAINFLORENTChabrier\\AppData\\Roaming\\npm-cache\\do-ws-js\\0.1.0\\package.tgz',
12 verbose tar pack   'C:\\dev\\github\\do-ws-js' ]
13 verbose tarball C:\Users\ALAINFLORENTChabrier\AppData\Roaming\npm-cache\do-ws-js\0.1.0\package.tgz
14 verbose folder C:\dev\github\do-ws-js
15 verbose addLocalTarball adding from inside cache C:\Users\ALAINFLORENTChabrier\AppData\Roaming\npm-cache\do-ws-js\0.1.0\package.tgz
16 verbose correctMkdir C:\Users\ALAINFLORENTChabrier\AppData\Roaming\npm-cache correctMkdir not in flight; initializing
17 silly cache afterAdd do-ws-js@0.1.0
18 verbose afterAdd C:\Users\ALAINFLORENTChabrier\AppData\Roaming\npm-cache\do-ws-js\0.1.0\package\package.json not in flight; writing
19 verbose correctMkdir C:\Users\ALAINFLORENTChabrier\AppData\Roaming\npm-cache correctMkdir not in flight; initializing
20 verbose afterAdd C:\Users\ALAINFLORENTChabrier\AppData\Roaming\npm-cache\do-ws-js\0.1.0\package\package.json written
21 silly publish { name: 'do-ws-js',
21 silly publish   version: '0.1.0',
21 silly publish   description: 'Javascript extensions library for Decision Optimization for Watson Studio',
21 silly publish   main: 'index.js',
21 silly publish   scripts: { test: 'echo "Error: no test specified" && exit 1' },
21 silly publish   repository:
21 silly publish    { type: 'git',
21 silly publish      url: 'git+https://github.com/IBMDecisionOptimization/do-ws-js.git' },
21 silly publish   author: { name: 'Alain Chabrier', email: 'alain.chabrier@ibm.com' },
21 silly publish   license: 'SEE LICENSE IN LICENSE.txt',
21 silly publish   bugs: { url: 'https://github.com/IBMDecisionOptimization/do-ws-js/issues' },
21 silly publish   homepage: 'https://github.com/IBMDecisionOptimization/do-ws-js#readme',
21 silly publish   gitHead: '3adf6b707eb2254ecc4df2eec957360c95f38adf',
21 silly publish   readme: '# do-ws-js\r\nJavascript extensions to Decision Optimization for Watson Studio\r\n\r\n* scenario: \r\n  * manage scenarios with a simple file based persistence on server side\r\n  * display basic forms to manage scenario\r\n* scenario-google:\r\n  * display scenariotables with google visualization\r\n* dsx: \r\n  * server API to list/createproject and assets\r\n* do:\r\n  * server API to solve deployed model\r\n* pa:\r\n  * server API to read/write form Planning Analytics instances',
21 silly publish   readmeFilename: 'README.md',
21 silly publish   _id: 'do-ws-js@0.1.0',
21 silly publish   _shasum: '32d26af9974dd287feec59ad4fafaf5d969cc77b',
21 silly publish   _from: '.' }
22 verbose getPublishConfig undefined
23 silly mapToRegistry name do-ws-js
24 silly mapToRegistry using default registry
25 silly mapToRegistry registry https://registry.npmjs.org/
26 silly mapToRegistry data Result {
26 silly mapToRegistry   raw: 'do-ws-js',
26 silly mapToRegistry   scope: null,
26 silly mapToRegistry   escapedName: 'do-ws-js',
26 silly mapToRegistry   name: 'do-ws-js',
26 silly mapToRegistry   rawSpec: '',
26 silly mapToRegistry   spec: 'latest',
26 silly mapToRegistry   type: 'tag' }
27 silly mapToRegistry uri https://registry.npmjs.org/do-ws-js
28 verbose publish registryBase https://registry.npmjs.org/
29 silly publish uploading C:\Users\ALAINFLORENTChabrier\AppData\Roaming\npm-cache\do-ws-js\0.1.0\package.tgz
30 verbose request uri https://registry.npmjs.org/do-ws-js
31 verbose request sending authorization for write operation
32 info attempt registry request try #1 at 9:54:22 AM
33 verbose request using bearer token for auth
34 verbose request id b397cb3c652a58a7
35 http request PUT https://registry.npmjs.org/do-ws-js
36 http 403 https://registry.npmjs.org/do-ws-js
37 verbose headers { date: 'Wed, 10 Oct 2018 07:54:21 GMT',
37 verbose headers   'content-type': 'application/json',
37 verbose headers   'transfer-encoding': 'chunked',
37 verbose headers   connection: 'keep-alive',
37 verbose headers   'set-cookie': [ '__cfduid=dc5868ccd43bed9d91d75a2e05dca70b21539158060; expires=Thu, 10-Oct-19 07:54:20 GMT; path=/; domain=.registry.npmjs.org; HttpOnly' ],
37 verbose headers   'cf-ray': '467784b8dc00c2bf-FRA',
37 verbose headers   'expect-ct': 'max-age=604800, report-uri="https://report-uri.cloudflare.com/cdn-cgi/beacon/expect-ct"',
37 verbose headers   vary: 'Accept-Encoding',
37 verbose headers   server: 'cloudflare',
37 verbose headers   'content-encoding': 'gzip' }
38 verbose request invalidating C:\Users\ALAINFLORENTChabrier\AppData\Roaming\npm-cache\registry.npmjs.org\do-ws-js on PUT
39 error publish Failed PUT 403
40 verbose stack Error: You cannot publish over the previously published versions: 0.1.0. : do-ws-js
40 verbose stack     at makeError (C:\Program Files\nodejs\node_modules\npm\node_modules\npm-registry-client\lib\request.js:302:12)
40 verbose stack     at CachingRegistryClient.<anonymous> (C:\Program Files\nodejs\node_modules\npm\node_modules\npm-registry-client\lib\request.js:290:14)
40 verbose stack     at C:\Program Files\nodejs\node_modules\npm\node_modules\npm-registry-client\lib\request.js:216:7
40 verbose stack     at Gunzip.onEnd (zlib.js:227:5)
40 verbose stack     at emitNone (events.js:91:20)
40 verbose stack     at Gunzip.emit (events.js:185:7)
40 verbose stack     at endReadableNT (_stream_readable.js:974:12)
40 verbose stack     at _combinedTickCallback (internal/process/next_tick.js:80:11)
40 verbose stack     at process._tickCallback (internal/process/next_tick.js:104:9)
41 verbose statusCode 403
42 verbose pkgid do-ws-js
43 verbose cwd C:\dev\github\do-ws-js
44 error Windows_NT 10.0.17134
45 error argv "C:\\Program Files\\nodejs\\node.exe" "C:\\Program Files\\nodejs\\node_modules\\npm\\bin\\npm-cli.js" "publish"
46 error node v6.11.5
47 error npm  v3.10.10
48 error code E403
49 error You cannot publish over the previously published versions: 0.1.0. : do-ws-js
50 error If you need help, you may report this error at:
50 error     <https://github.com/npm/npm/issues>
51 verbose exit [ 1, true ]
